

Version:	3.14
CmdLine:	C:\pleiades\workspace\SimCityLike\SimCityLike\.jar\UrbanDev_tentativeWithC_041a.exe --l4j-debug
WOW64:		yes
Working dir:	C:\pleiades\workspace\SimCityLike\SimCityLike\.jar\.
Java min ver:	1.008.000
Java max ver:	
Bundled JRE(s):	jre-min
Check launcher:	C:\pleiades\workspace\SimCityLike\SimCityLike\.jar\jre-min\bin\javaw.exe (OK)
Launcher:	C:\pleiades\workspace\SimCityLike\SimCityLike\.jar\jre-min\bin\javaw.exe
Launcher args:	-jar "C:\pleiades\workspace\SimCityLike\SimCityLike\.jar\UrbanDev_tentativeWithC_041a.exe"
Args length:	90/32768 chars
Exit code:	0


Version:	3.14
CmdLine:	C:\pleiades\workspace\SimCityLike\SimCityLike\.jar\UrbanDev_tentativeWithC_041a.exe --l4j-debug
WOW64:		yes
Working dir:	C:\pleiades\workspace\SimCityLike\SimCityLike\.jar\.
Java min ver:	1.008.000
Java max ver:	
Bundled JRE(s):	jre-min
Check launcher:	C:\pleiades\workspace\SimCityLike\SimCityLike\.jar\jre-min\bin\javaw.exe (OK)
Launcher:	C:\pleiades\workspace\SimCityLike\SimCityLike\.jar\jre-min\bin\javaw.exe
Launcher args:	-jar "C:\pleiades\workspace\SimCityLike\SimCityLike\.jar\UrbanDev_tentativeWithC_041a.exe"
Args length:	90/32768 chars
Exit code:	0


Version:	3.14
CmdLine:	C:\pleiades\workspace\SimCityLike\SimCityLike\.jar\UrbanDev_tentativeWithC_041a.exe --l4j-debug
WOW64:		yes
Working dir:	C:\pleiades\workspace\SimCityLike\SimCityLike\.jar\.
Java min ver:	1.008.000
Java max ver:	
Bundled JRE(s):	jre-min
Check launcher:	C:\pleiades\workspace\SimCityLike\SimCityLike\.jar\jre-min\bin\javaw.exe (OK)
Launcher:	C:\pleiades\workspace\SimCityLike\SimCityLike\.jar\jre-min\bin\javaw.exe
Launcher args:	-jar "C:\pleiades\workspace\SimCityLike\SimCityLike\.jar\UrbanDev_tentativeWithC_041a.exe"
Args length:	90/32768 chars
Exit code:	0


Version:	3.14
CmdLine:	C:\pleiades\workspace\SimCityLike\SimCityLike\.jar\UrbanDev_tentativeWithC_041a.exe --l4j-debug
WOW64:		yes
Working dir:	C:\pleiades\workspace\SimCityLike\SimCityLike\.jar\.
Java min ver:	1.008.000
Java max ver:	
Bundled JRE(s):	jre-min
Check launcher:	C:\pleiades\workspace\SimCityLike\SimCityLike\.jar\jre-min\bin\javaw.exe (OK)
Launcher:	C:\pleiades\workspace\SimCityLike\SimCityLike\.jar\jre-min\bin\javaw.exe
Launcher args:	-jar "C:\pleiades\workspace\SimCityLike\SimCityLike\.jar\UrbanDev_tentativeWithC_041a.exe"
Args length:	90/32768 chars
Exit code:	0


Version:	3.14
CmdLine:	C:\pleiades\workspace\SimCityLike\SimCityLike\.jar\UrbanDev_tentativeWithC_041a.exe --l4j-debug
WOW64:		yes
Working dir:	C:\pleiades\workspace\SimCityLike\SimCityLike\.jar\.
Java min ver:	1.008.000
Java max ver:	
Bundled JRE(s):	jre-min
Check launcher:	C:\pleiades\workspace\SimCityLike\SimCityLike\.jar\jre-min\bin\javaw.exe (OK)
Launcher:	C:\pleiades\workspace\SimCityLike\SimCityLike\.jar\jre-min\bin\javaw.exe
Launcher args:	-jar "C:\pleiades\workspace\SimCityLike\SimCityLike\.jar\UrbanDev_tentativeWithC_041a.exe"
Args length:	90/32768 chars
Exit code:	0


Version:	3.14
CmdLine:	C:\pleiades\workspace\SimCityLike\SimCityLike\.jar\UrbanDev_tentativeWithC_041a.exe --l4j-debug
WOW64:		yes
Working dir:	C:\pleiades\workspace\SimCityLike\SimCityLike\.jar\.
Java min ver:	1.008.000
Java max ver:	
Bundled JRE(s):	jre-min
Check launcher:	C:\pleiades\workspace\SimCityLike\SimCityLike\.jar\jre-min\bin\javaw.exe (OK)
Launcher:	C:\pleiades\workspace\SimCityLike\SimCityLike\.jar\jre-min\bin\javaw.exe
Launcher args:	-jar "C:\pleiades\workspace\SimCityLike\SimCityLike\.jar\UrbanDev_tentativeWithC_041a.exe"
Args length:	90/32768 chars
Exit code:	0


Version:	3.14
CmdLine:	C:\pleiades\workspace\SimCityLike\SimCityLike\.jar\UrbanDev_tentativeWithC_041a.exe --l4j-debug
WOW64:		yes
Working dir:	C:\pleiades\workspace\SimCityLike\SimCityLike\.jar\.
Java min ver:	1.008.000
Java max ver:	
Bundled JRE(s):	jre-min
Check launcher:	C:\pleiades\workspace\SimCityLike\SimCityLike\.jar\jre-min\bin\javaw.exe (OK)
Launcher:	C:\pleiades\workspace\SimCityLike\SimCityLike\.jar\jre-min\bin\javaw.exe
Launcher args:	-jar "C:\pleiades\workspace\SimCityLike\SimCityLike\.jar\UrbanDev_tentativeWithC_041a.exe"
Args length:	90/32768 chars
Exit code:	0


Version:	3.14
CmdLine:	C:\pleiades\workspace\SimCityLike\SimCityLike\.jar\UrbanDev_tentativeWithC_041a.exe --l4j-debug
WOW64:		yes
Working dir:	C:\pleiades\workspace\SimCityLike\SimCityLike\.jar\.
Java min ver:	1.008.000
Java max ver:	
Bundled JRE(s):	jre-min
Check launcher:	C:\pleiades\workspace\SimCityLike\SimCityLike\.jar\jre-min\bin\javaw.exe (OK)
Launcher:	C:\pleiades\workspace\SimCityLike\SimCityLike\.jar\jre-min\bin\javaw.exe
Launcher args:	-jar "C:\pleiades\workspace\SimCityLike\SimCityLike\.jar\UrbanDev_tentativeWithC_041a.exe"
Args length:	90/32768 chars
Exit code:	0


Version:	3.14
CmdLine:	C:\pleiades\workspace\SimCityLike\SimCityLike\.jar\UrbanDev_tentativeWithC_041a.exe --l4j-debug
WOW64:		yes
Working dir:	C:\pleiades\workspace\SimCityLike\SimCityLike\.jar\.
Java min ver:	1.008.000
Java max ver:	
Bundled JRE(s):	jre-min
Check launcher:	C:\pleiades\workspace\SimCityLike\SimCityLike\.jar\jre-min\bin\javaw.exe (OK)
Launcher:	C:\pleiades\workspace\SimCityLike\SimCityLike\.jar\jre-min\bin\javaw.exe
Launcher args:	-jar "C:\pleiades\workspace\SimCityLike\SimCityLike\.jar\UrbanDev_tentativeWithC_041a.exe"
Args length:	90/32768 chars
Exit code:	0


Version:	3.14
CmdLine:	C:\pleiades\workspace\SimCityLike\SimCityLike\.jar\UrbanDev_tentativeWithC_041a.exe --l4j-debug
WOW64:		yes
Working dir:	C:\pleiades\workspace\SimCityLike\SimCityLike\.jar\.
Java min ver:	1.008.000
Java max ver:	
Bundled JRE(s):	jre-min
Check launcher:	C:\pleiades\workspace\SimCityLike\SimCityLike\.jar\jre-min\bin\javaw.exe (OK)
Launcher:	C:\pleiades\workspace\SimCityLike\SimCityLike\.jar\jre-min\bin\javaw.exe
Launcher args:	-jar "C:\pleiades\workspace\SimCityLike\SimCityLike\.jar\UrbanDev_tentativeWithC_041a.exe"
Args length:	90/32768 chars
Exit code:	0


Version:	3.14
CmdLine:	C:\pleiades\workspace\SimCityLike\SimCityLike\.jar\UrbanDev_tentativeWithC_041a.exe --l4j-debug
WOW64:		yes
Working dir:	C:\pleiades\workspace\SimCityLike\SimCityLike\.jar\.
Java min ver:	1.008.000
Java max ver:	
Bundled JRE(s):	jre-min
Check launcher:	C:\pleiades\workspace\SimCityLike\SimCityLike\.jar\jre-min\bin\javaw.exe (OK)
Launcher:	C:\pleiades\workspace\SimCityLike\SimCityLike\.jar\jre-min\bin\javaw.exe
Launcher args:	-jar "C:\pleiades\workspace\SimCityLike\SimCityLike\.jar\UrbanDev_tentativeWithC_041a.exe"
Args length:	90/32768 chars
Exit code:	0


Version:	3.14
CmdLine:	C:\pleiades\workspace\SimCityLike\SimCityLike\.jar\UrbanDev_tentativeWithC_041a.exe --l4j-debug
WOW64:		yes
Working dir:	C:\pleiades\workspace\SimCityLike\SimCityLike\.jar\.
Java min ver:	1.008.000
Java max ver:	
Bundled JRE(s):	jre-min
Check launcher:	C:\pleiades\workspace\SimCityLike\SimCityLike\.jar\jre-min\bin\javaw.exe (OK)
Launcher:	C:\pleiades\workspace\SimCityLike\SimCityLike\.jar\jre-min\bin\javaw.exe
Launcher args:	-jar "C:\pleiades\workspace\SimCityLike\SimCityLike\.jar\UrbanDev_tentativeWithC_041a.exe"
Args length:	90/32768 chars
Exit code:	0


Version:	3.14
CmdLine:	C:\pleiades\workspace\SimCityLike\SimCityLike\.jar\UrbanDev_tentativeWithC_041a.exe --l4j-debug
WOW64:		yes
Working dir:	C:\pleiades\workspace\SimCityLike\SimCityLike\.jar\.
Java min ver:	1.008.000
Java max ver:	
Bundled JRE(s):	jre-min
Check launcher:	C:\pleiades\workspace\SimCityLike\SimCityLike\.jar\jre-min\bin\javaw.exe (OK)
Launcher:	C:\pleiades\workspace\SimCityLike\SimCityLike\.jar\jre-min\bin\javaw.exe
Launcher args:	-jar "C:\pleiades\workspace\SimCityLike\SimCityLike\.jar\UrbanDev_tentativeWithC_041a.exe"
Args length:	90/32768 chars
Exit code:	0
